23:58:03  INFO      Initialising Trading Bot...
23:58:39  INFO      Initialising Trading Bot...
00:00:21  INFO      Initialising Trading Bot...
00:00:21  INFO      Running single cycle...
00:00:21  INFO      ==================================================
00:00:21  INFO      Starting scan & trade cycle
00:00:22  INFO      Account: $100,000.00  |  P&L today: $0.00  |  Open: 0
00:00:22  INFO      Scanning watchlist...
00:00:54  INFO      No stocks scored above threshold — standing by
00:00:54  INFO      Single cycle complete.
00:02:51  INFO      Initialising Trading Bot...
00:02:52  INFO      Running single cycle...
00:02:52  INFO      ==================================================
00:02:52  INFO      Starting scan & trade cycle
00:02:52  INFO      Account: $100,000.00  |  P&L today: $0.00  |  Open: 0
00:02:52  INFO      Scanning watchlist...
00:03:34  INFO      No stocks scored above threshold — standing by
00:03:35  INFO      Single cycle complete.
00:06:01  INFO      Initialising Trading Bot...
00:06:02  INFO      Running single cycle...
00:06:02  INFO      ==================================================
00:06:02  INFO      Starting scan & trade cycle
00:06:03  INFO      Account: $100,000.00  |  P&L today: $0.00  |  Open: 0
00:06:03  INFO      Scanning watchlist...
00:10:20  INFO      Initialising Trading Bot...
00:10:21  INFO      Running single cycle...
00:10:21  INFO      ==================================================
00:10:21  INFO      Starting scan & trade cycle
00:10:22  INFO      Account: $100,000.00  |  P&L today: $0.00  |  Open: 0
00:10:22  INFO      Scanning watchlist...
00:13:10  INFO      Found 2 candidates above score 65
00:13:10  INFO        🟢 Placing order: EXE  181 shares @ $110.31  Stop: $104.58  Target: $121.77
00:13:10  INFO        ✓  Order placed: ffd88803-9d73-44bf-9666-d1ddcef1182a
00:14:35  INFO      Initialising Trading Bot...
00:14:36  INFO      Running single cycle...
00:14:36  INFO      ==================================================
00:14:36  INFO      Starting scan & trade cycle
00:14:36  INFO      Account: $99,990.95  |  P&L today: $-9.05  |  Open: 1
00:14:36  INFO      Scanning watchlist...
00:15:08  INFO      No stocks scored above threshold — standing by
00:15:08  INFO      Open positions (1):
00:15:08  INFO        📉 EXE: 181 shares  Entry: $110.56  Now: $110.45  P&L: $-19.91 (-0.1%)
00:15:08  INFO      Single cycle complete.
00:35:40  INFO      Initialising Trading Bot...
00:35:41  INFO      Running single cycle...
00:35:41  INFO      ==================================================
00:35:41  INFO      Starting scan & trade cycle
00:35:41  INFO      Account: $99,884.16  |  P&L today: $-115.84  |  Open: 1
00:35:41  INFO      Scanning watchlist...
00:36:13  INFO      No stocks scored above threshold — standing by
00:36:13  INFO      Open positions (1):
00:36:13  INFO        📉 EXE: 181 shares  Entry: $110.56  Now: $109.80  P&L: $-137.56 (-0.7%)
00:36:13  INFO      Single cycle complete.
